<?xml version="1.0" encoding="UTF-8"?>
<!-- Generated by org.testng.reporters.JUnitXMLReporter -->
<testsuite ignored="0" hostname="Aswin-mac.local" failures="0" tests="14" name="Default test" time="99.354" errors="0" timestamp="2026-09-18T22:38:05 IST">
  <testcase classname="com.qa.shopease.Test.test" name="login" time="0.577"/>
  <testcase classname="com.qa.shopease.Test.test" name="login" time="0.456"/>
  <testcase classname="com.qa.shopease.Test.test" name="login" time="0.45"/>
  <testcase classname="com.qa.shopease.Test.test" name="login" time="0.452"/>
  <testcase classname="com.qa.shopease.Test.test" name="login" time="0.242"/>
  <testcase classname="com.qa.shopease.Test.test" name="login" time="0.329"/>
  <testcase classname="com.qa.shopease.Test.test" name="login" time="0.527"/>
  <testcase classname="com.qa.shopease.Test.test" name="login" time="0.501"/>
  <testcase classname="com.qa.shopease.Test.test" name="login" time="0.284"/>
  <testcase classname="com.qa.shopease.Test.test" name="login" time="0.62"/>
  <testcase classname="com.qa.shopease.Test.test" name="login" time="0.608"/>
  <testcase classname="com.qa.shopease.Test.test" name="login" time="0.459"/>
  <testcase classname="com.qa.shopease.Test.test" name="login" time="0.829"/>
  <testcase classname="com.qa.shopease.Test.test" name="login" time="0.715"/>
</testsuite> <!-- Default test -->
