<?xml version="1.0" encoding="UTF-8"?>
<testng-results ignored="0" total="14" passed="14" failed="0" skipped="0">
  <reporter-output>
  </reporter-output>
  <suite started-at="2026-09-18T22:40:01 IST" name="ShopEase Regression Suite" finished-at="2026-09-18T22:41:30 IST" duration-ms="88836">
    <groups>
    </groups>
    <test started-at="2026-09-18T22:40:01 IST" name="Login Tests" finished-at="2026-09-18T22:41:30 IST" duration-ms="88836">
      <class name="com.qa.shopease.Test.test">
        <test-method is-config="true" signature="setup()[pri:0, instance:com.qa.shopease.Test.test@477b4cdf]" started-at="2026-09-18T22:40:01 IST" name="setup" finished-at="2026-09-18T22:40:09 IST" duration-ms="8166" status="PASS">
          <reporter-output>
          </reporter-output>
        </test-method> <!-- setup -->
        <test-method signature="login(java.lang.String,java.lang.String,java.lang.String,java.lang.String,java.lang.String)[pri:0, instance:com.qa.shopease.Test.test@477b4cdf]" started-at="2026-09-18T22:40:09 IST" name="login" data-provider="loginData" finished-at="2026-09-18T22:40:10 IST" duration-ms="765" status="PASS">
          <params>
            <param index="0">
              <value>
                <![CDATA[LOG-001]]>
              </value>
            </param>
            <param index="1">
              <value>
                <![CDATA[Valid login]]>
              </value>
            </param>
            <param index="2">
              <value>
                <![CDATA[user_t5g34v@shopease.com]]>
              </value>
            </param>
            <param index="3">
              <value>
                <![CDATA[Test@3718]]>
              </value>
            </param>
            <param index="4">
              <value>
                <![CDATA[SUCCESS]]>
              </value>
            </param>
          </params>
          <reporter-output>
          </reporter-output>
        </test-method> <!-- login -->
        <test-method is-config="true" signature="teardown()[pri:0, instance:com.qa.shopease.Test.test@477b4cdf]" started-at="2026-09-18T22:40:11 IST" name="teardown" finished-at="2026-09-18T22:40:11 IST" duration-ms="140" status="PASS">
          <reporter-output>
          </reporter-output>
        </test-method> <!-- teardown -->
        <test-method is-config="true" signature="setup()[pri:0, instance:com.qa.shopease.Test.test@477b4cdf]" started-at="2026-09-18T22:40:11 IST" name="setup" finished-at="2026-09-18T22:40:16 IST" duration-ms="5253" status="PASS">
          <reporter-output>
          </reporter-output>
        </test-method> <!-- setup -->
        <test-method signature="login(java.lang.String,java.lang.String,java.lang.String,java.lang.String,java.lang.String)[pri:0, instance:com.qa.shopease.Test.test@477b4cdf]" started-at="2026-09-18T22:40:16 IST" name="login" data-provider="loginData" finished-at="2026-09-18T22:40:17 IST" duration-ms="463" status="PASS">
          <params>
            <param index="0">
              <value>
                <![CDATA[LOG-002]]>
              </value>
            </param>
            <param index="1">
              <value>
                <![CDATA[Invalid username]]>
              </value>
            </param>
            <param index="2">
              <value>
                <![CDATA[invalid@test.com]]>
              </value>
            </param>
            <param index="3">
              <value>
                <![CDATA[Test@3718]]>
              </value>
            </param>
            <param index="4">
              <value>
                <![CDATA[FAILURE]]>
              </value>
            </param>
          </params>
          <reporter-output>
          </reporter-output>
        </test-method> <!-- login -->
        <test-method is-config="true" signature="teardown()[pri:0, instance:com.qa.shopease.Test.test@477b4cdf]" started-at="2026-09-18T22:40:17 IST" name="teardown" finished-at="2026-09-18T22:40:17 IST" duration-ms="84" status="PASS">
          <reporter-output>
          </reporter-output>
        </test-method> <!-- teardown -->
        <test-method is-config="true" signature="setup()[pri:0, instance:com.qa.shopease.Test.test@477b4cdf]" started-at="2026-09-18T22:40:17 IST" name="setup" finished-at="2026-09-18T22:40:23 IST" duration-ms="6486" status="PASS">
          <reporter-output>
          </reporter-output>
        </test-method> <!-- setup -->
        <test-method signature="login(java.lang.String,java.lang.String,java.lang.String,java.lang.String,java.lang.String)[pri:0, instance:com.qa.shopease.Test.test@477b4cdf]" started-at="2026-09-18T22:40:23 IST" name="login" data-provider="loginData" finished-at="2026-09-18T22:40:24 IST" duration-ms="452" status="PASS">
          <params>
            <param index="0">
              <value>
                <![CDATA[LOG-003]]>
              </value>
            </param>
            <param index="1">
              <value>
                <![CDATA[Invalid password]]>
              </value>
            </param>
            <param index="2">
              <value>
                <![CDATA[user_5g34v@shopease.com]]>
              </value>
            </param>
            <param index="3">
              <value>
                <![CDATA[Wrong@123]]>
              </value>
            </param>
            <param index="4">
              <value>
                <![CDATA[FAILURE]]>
              </value>
            </param>
          </params>
          <reporter-output>
          </reporter-output>
        </test-method> <!-- login -->
        <test-method is-config="true" signature="teardown()[pri:0, instance:com.qa.shopease.Test.test@477b4cdf]" started-at="2026-09-18T22:40:24 IST" name="teardown" finished-at="2026-09-18T22:40:24 IST" duration-ms="80" status="PASS">
          <reporter-output>
          </reporter-output>
        </test-method> <!-- teardown -->
        <test-method is-config="true" signature="setup()[pri:0, instance:com.qa.shopease.Test.test@477b4cdf]" started-at="2026-09-18T22:40:24 IST" name="setup" finished-at="2026-09-18T22:40:29 IST" duration-ms="4736" status="PASS">
          <reporter-output>
          </reporter-output>
        </test-method> <!-- setup -->
        <test-method signature="login(java.lang.String,java.lang.String,java.lang.String,java.lang.String,java.lang.String)[pri:0, instance:com.qa.shopease.Test.test@477b4cdf]" started-at="2026-09-18T22:40:29 IST" name="login" data-provider="loginData" finished-at="2026-09-18T22:40:29 IST" duration-ms="455" status="PASS">
          <params>
            <param index="0">
              <value>
                <![CDATA[LOG-004]]>
              </value>
            </param>
            <param index="1">
              <value>
                <![CDATA[Both invalid]]>
              </value>
            </param>
            <param index="2">
              <value>
                <![CDATA[invalid@test.com]]>
              </value>
            </param>
            <param index="3">
              <value>
                <![CDATA[Wrong@123]]>
              </value>
            </param>
            <param index="4">
              <value>
                <![CDATA[FAILURE]]>
              </value>
            </param>
          </params>
          <reporter-output>
          </reporter-output>
        </test-method> <!-- login -->
        <test-method is-config="true" signature="teardown()[pri:0, instance:com.qa.shopease.Test.test@477b4cdf]" started-at="2026-09-18T22:40:29 IST" name="teardown" finished-at="2026-09-18T22:40:29 IST" duration-ms="90" status="PASS">
          <reporter-output>
          </reporter-output>
        </test-method> <!-- teardown -->
        <test-method is-config="true" signature="setup()[pri:0, instance:com.qa.shopease.Test.test@477b4cdf]" started-at="2026-09-18T22:40:29 IST" name="setup" finished-at="2026-09-18T22:40:34 IST" duration-ms="4602" status="PASS">
          <reporter-output>
          </reporter-output>
        </test-method> <!-- setup -->
        <test-method signature="login(java.lang.String,java.lang.String,java.lang.String,java.lang.String,java.lang.String)[pri:0, instance:com.qa.shopease.Test.test@477b4cdf]" started-at="2026-09-18T22:40:34 IST" name="login" data-provider="loginData" finished-at="2026-09-18T22:40:34 IST" duration-ms="242" status="PASS">
          <params>
            <param index="0">
              <value>
                <![CDATA[LOG-005]]>
              </value>
            </param>
            <param index="1">
              <value>
                <![CDATA[Empty username]]>
              </value>
            </param>
            <param index="2">
              <value>
                <![CDATA[]]>
              </value>
            </param>
            <param index="3">
              <value>
                <![CDATA[Test@3718]]>
              </value>
            </param>
            <param index="4">
              <value>
                <![CDATA[VALIDATION]]>
              </value>
            </param>
          </params>
          <reporter-output>
          </reporter-output>
        </test-method> <!-- login -->
        <test-method is-config="true" signature="teardown()[pri:0, instance:com.qa.shopease.Test.test@477b4cdf]" started-at="2026-09-18T22:40:35 IST" name="teardown" finished-at="2026-09-18T22:40:35 IST" duration-ms="93" status="PASS">
          <reporter-output>
          </reporter-output>
        </test-method> <!-- teardown -->
        <test-method is-config="true" signature="setup()[pri:0, instance:com.qa.shopease.Test.test@477b4cdf]" started-at="2026-09-18T22:40:35 IST" name="setup" finished-at="2026-09-18T22:40:39 IST" duration-ms="4552" status="PASS">
          <reporter-output>
          </reporter-output>
        </test-method> <!-- setup -->
        <test-method signature="login(java.lang.String,java.lang.String,java.lang.String,java.lang.String,java.lang.String)[pri:0, instance:com.qa.shopease.Test.test@477b4cdf]" started-at="2026-09-18T22:40:39 IST" name="login" data-provider="loginData" finished-at="2026-09-18T22:40:40 IST" duration-ms="505" status="PASS">
          <params>
            <param index="0">
              <value>
                <![CDATA[LOG-006]]>
              </value>
            </param>
            <param index="1">
              <value>
                <![CDATA[Empty password]]>
              </value>
            </param>
            <param index="2">
              <value>
                <![CDATA[user_5g34v@shopease.com]]>
              </value>
            </param>
            <param index="3">
              <value>
                <![CDATA[]]>
              </value>
            </param>
            <param index="4">
              <value>
                <![CDATA[VALIDATION]]>
              </value>
            </param>
          </params>
          <reporter-output>
          </reporter-output>
        </test-method> <!-- login -->
        <test-method is-config="true" signature="teardown()[pri:0, instance:com.qa.shopease.Test.test@477b4cdf]" started-at="2026-09-18T22:40:40 IST" name="teardown" finished-at="2026-09-18T22:40:41 IST" duration-ms="793" status="PASS">
          <reporter-output>
          </reporter-output>
        </test-method> <!-- teardown -->
        <test-method is-config="true" signature="setup()[pri:0, instance:com.qa.shopease.Test.test@477b4cdf]" started-at="2026-09-18T22:40:41 IST" name="setup" finished-at="2026-09-18T22:40:46 IST" duration-ms="4654" status="PASS">
          <reporter-output>
          </reporter-output>
        </test-method> <!-- setup -->
        <test-method signature="login(java.lang.String,java.lang.String,java.lang.String,java.lang.String,java.lang.String)[pri:0, instance:com.qa.shopease.Test.test@477b4cdf]" started-at="2026-09-18T22:40:46 IST" name="login" data-provider="loginData" finished-at="2026-09-18T22:40:46 IST" duration-ms="237" status="PASS">
          <params>
            <param index="0">
              <value>
                <![CDATA[LOG-007]]>
              </value>
            </param>
            <param index="1">
              <value>
                <![CDATA[Both fields empty]]>
              </value>
            </param>
            <param index="2">
              <value>
                <![CDATA[]]>
              </value>
            </param>
            <param index="3">
              <value>
                <![CDATA[]]>
              </value>
            </param>
            <param index="4">
              <value>
                <![CDATA[VALIDATION]]>
              </value>
            </param>
          </params>
          <reporter-output>
          </reporter-output>
        </test-method> <!-- login -->
        <test-method is-config="true" signature="teardown()[pri:0, instance:com.qa.shopease.Test.test@477b4cdf]" started-at="2026-09-18T22:40:46 IST" name="teardown" finished-at="2026-09-18T22:40:46 IST" duration-ms="81" status="PASS">
          <reporter-output>
          </reporter-output>
        </test-method> <!-- teardown -->
        <test-method is-config="true" signature="setup()[pri:0, instance:com.qa.shopease.Test.test@477b4cdf]" started-at="2026-09-18T22:40:46 IST" name="setup" finished-at="2026-09-18T22:40:51 IST" duration-ms="4566" status="PASS">
          <reporter-output>
          </reporter-output>
        </test-method> <!-- setup -->
        <test-method signature="login(java.lang.String,java.lang.String,java.lang.String,java.lang.String,java.lang.String)[pri:0, instance:com.qa.shopease.Test.test@477b4cdf]" started-at="2026-09-18T22:40:51 IST" name="login" data-provider="loginData" finished-at="2026-09-18T22:40:51 IST" duration-ms="472" status="PASS">
          <params>
            <param index="0">
              <value>
                <![CDATA[LOG-008]]>
              </value>
            </param>
            <param index="1">
              <value>
                <![CDATA[Unregistered email]]>
              </value>
            </param>
            <param index="2">
              <value>
                <![CDATA[notregistered@shopease.com]]>
              </value>
            </param>
            <param index="3">
              <value>
                <![CDATA[Test@3718]]>
              </value>
            </param>
            <param index="4">
              <value>
                <![CDATA[FAILURE]]>
              </value>
            </param>
          </params>
          <reporter-output>
          </reporter-output>
        </test-method> <!-- login -->
        <test-method is-config="true" signature="teardown()[pri:0, instance:com.qa.shopease.Test.test@477b4cdf]" started-at="2026-09-18T22:40:51 IST" name="teardown" finished-at="2026-09-18T22:40:51 IST" duration-ms="83" status="PASS">
          <reporter-output>
          </reporter-output>
        </test-method> <!-- teardown -->
        <test-method is-config="true" signature="setup()[pri:0, instance:com.qa.shopease.Test.test@477b4cdf]" started-at="2026-09-18T22:40:51 IST" name="setup" finished-at="2026-09-18T22:40:56 IST" duration-ms="5247" status="PASS">
          <reporter-output>
          </reporter-output>
        </test-method> <!-- setup -->
        <test-method signature="login(java.lang.String,java.lang.String,java.lang.String,java.lang.String,java.lang.String)[pri:0, instance:com.qa.shopease.Test.test@477b4cdf]" started-at="2026-09-18T22:40:56 IST" name="login" data-provider="loginData" finished-at="2026-09-18T22:40:57 IST" duration-ms="578" status="PASS">
          <params>
            <param index="0">
              <value>
                <![CDATA[LOG-009]]>
              </value>
            </param>
            <param index="1">
              <value>
                <![CDATA[Malformed email]]>
              </value>
            </param>
            <param index="2">
              <value>
                <![CDATA[user_5g34v]]>
              </value>
            </param>
            <param index="3">
              <value>
                <![CDATA[Test@3718]]>
              </value>
            </param>
            <param index="4">
              <value>
                <![CDATA[VALIDATION]]>
              </value>
            </param>
          </params>
          <reporter-output>
          </reporter-output>
        </test-method> <!-- login -->
        <test-method is-config="true" signature="teardown()[pri:0, instance:com.qa.shopease.Test.test@477b4cdf]" started-at="2026-09-18T22:40:57 IST" name="teardown" finished-at="2026-09-18T22:40:57 IST" duration-ms="92" status="PASS">
          <reporter-output>
          </reporter-output>
        </test-method> <!-- teardown -->
        <test-method is-config="true" signature="setup()[pri:0, instance:com.qa.shopease.Test.test@477b4cdf]" started-at="2026-09-18T22:40:57 IST" name="setup" finished-at="2026-09-18T22:41:03 IST" duration-ms="5297" status="PASS">
          <reporter-output>
          </reporter-output>
        </test-method> <!-- setup -->
        <test-method signature="login(java.lang.String,java.lang.String,java.lang.String,java.lang.String,java.lang.String)[pri:0, instance:com.qa.shopease.Test.test@477b4cdf]" started-at="2026-09-18T22:41:03 IST" name="login" data-provider="loginData" finished-at="2026-09-18T22:41:03 IST" duration-ms="758" status="PASS">
          <params>
            <param index="0">
              <value>
                <![CDATA[LOG-010]]>
              </value>
            </param>
            <param index="1">
              <value>
                <![CDATA[Username with leading space]]>
              </value>
            </param>
            <param index="2">
              <value>
                <![CDATA[user_5g34v@shopease.com]]>
              </value>
            </param>
            <param index="3">
              <value>
                <![CDATA[Test@3718]]>
              </value>
            </param>
            <param index="4">
              <value>
                <![CDATA[EDGE]]>
              </value>
            </param>
          </params>
          <reporter-output>
          </reporter-output>
        </test-method> <!-- login -->
        <test-method is-config="true" signature="teardown()[pri:0, instance:com.qa.shopease.Test.test@477b4cdf]" started-at="2026-09-18T22:41:04 IST" name="teardown" finished-at="2026-09-18T22:41:04 IST" duration-ms="83" status="PASS">
          <reporter-output>
          </reporter-output>
        </test-method> <!-- teardown -->
        <test-method is-config="true" signature="setup()[pri:0, instance:com.qa.shopease.Test.test@477b4cdf]" started-at="2026-09-18T22:41:04 IST" name="setup" finished-at="2026-09-18T22:41:12 IST" duration-ms="7838" status="PASS">
          <reporter-output>
          </reporter-output>
        </test-method> <!-- setup -->
        <test-method signature="login(java.lang.String,java.lang.String,java.lang.String,java.lang.String,java.lang.String)[pri:0, instance:com.qa.shopease.Test.test@477b4cdf]" started-at="2026-09-18T22:41:12 IST" name="login" data-provider="loginData" finished-at="2026-09-18T22:41:12 IST" duration-ms="412" status="PASS">
          <params>
            <param index="0">
              <value>
                <![CDATA[LOG-011]]>
              </value>
            </param>
            <param index="1">
              <value>
                <![CDATA[Username with trailing space]]>
              </value>
            </param>
            <param index="2">
              <value>
                <![CDATA[user_5g34v@shopease.com]]>
              </value>
            </param>
            <param index="3">
              <value>
                <![CDATA[Test@3718]]>
              </value>
            </param>
            <param index="4">
              <value>
                <![CDATA[EDGE]]>
              </value>
            </param>
          </params>
          <reporter-output>
          </reporter-output>
        </test-method> <!-- login -->
        <test-method is-config="true" signature="teardown()[pri:0, instance:com.qa.shopease.Test.test@477b4cdf]" started-at="2026-09-18T22:41:12 IST" name="teardown" finished-at="2026-09-18T22:41:12 IST" duration-ms="78" status="PASS">
          <reporter-output>
          </reporter-output>
        </test-method> <!-- teardown -->
        <test-method is-config="true" signature="setup()[pri:0, instance:com.qa.shopease.Test.test@477b4cdf]" started-at="2026-09-18T22:41:12 IST" name="setup" finished-at="2026-09-18T22:41:18 IST" duration-ms="5686" status="PASS">
          <reporter-output>
          </reporter-output>
        </test-method> <!-- setup -->
        <test-method signature="login(java.lang.String,java.lang.String,java.lang.String,java.lang.String,java.lang.String)[pri:0, instance:com.qa.shopease.Test.test@477b4cdf]" started-at="2026-09-18T22:41:18 IST" name="login" data-provider="loginData" finished-at="2026-09-18T22:41:18 IST" duration-ms="438" status="PASS">
          <params>
            <param index="0">
              <value>
                <![CDATA[LOG-012]]>
              </value>
            </param>
            <param index="1">
              <value>
                <![CDATA[Wrong password with special chars]]>
              </value>
            </param>
            <param index="2">
              <value>
                <![CDATA[user_5g34v@shopease.com]]>
              </value>
            </param>
            <param index="3">
              <value>
                <![CDATA[P@ss!#$%^&*()]]>
              </value>
            </param>
            <param index="4">
              <value>
                <![CDATA[FAILURE]]>
              </value>
            </param>
          </params>
          <reporter-output>
          </reporter-output>
        </test-method> <!-- login -->
        <test-method is-config="true" signature="teardown()[pri:0, instance:com.qa.shopease.Test.test@477b4cdf]" started-at="2026-09-18T22:41:19 IST" name="teardown" finished-at="2026-09-18T22:41:19 IST" duration-ms="80" status="PASS">
          <reporter-output>
          </reporter-output>
        </test-method> <!-- teardown -->
        <test-method is-config="true" signature="setup()[pri:0, instance:com.qa.shopease.Test.test@477b4cdf]" started-at="2026-09-18T22:41:19 IST" name="setup" finished-at="2026-09-18T22:41:24 IST" duration-ms="5086" status="PASS">
          <reporter-output>
          </reporter-output>
        </test-method> <!-- setup -->
        <test-method signature="login(java.lang.String,java.lang.String,java.lang.String,java.lang.String,java.lang.String)[pri:0, instance:com.qa.shopease.Test.test@477b4cdf]" started-at="2026-09-18T22:41:24 IST" name="login" data-provider="loginData" finished-at="2026-09-18T22:41:24 IST" duration-ms="437" status="PASS">
          <params>
            <param index="0">
              <value>
                <![CDATA[LOG-013]]>
              </value>
            </param>
            <param index="1">
              <value>
                <![CDATA[Very short password]]>
              </value>
            </param>
            <param index="2">
              <value>
                <![CDATA[user_5g34v@shopease.com]]>
              </value>
            </param>
            <param index="3">
              <value>
                <![CDATA[1]]>
              </value>
            </param>
            <param index="4">
              <value>
                <![CDATA[EDGE]]>
              </value>
            </param>
          </params>
          <reporter-output>
          </reporter-output>
        </test-method> <!-- login -->
        <test-method is-config="true" signature="teardown()[pri:0, instance:com.qa.shopease.Test.test@477b4cdf]" started-at="2026-09-18T22:41:24 IST" name="teardown" finished-at="2026-09-18T22:41:24 IST" duration-ms="79" status="PASS">
          <reporter-output>
          </reporter-output>
        </test-method> <!-- teardown -->
        <test-method is-config="true" signature="setup()[pri:0, instance:com.qa.shopease.Test.test@477b4cdf]" started-at="2026-09-18T22:41:24 IST" name="setup" finished-at="2026-09-18T22:41:29 IST" duration-ms="4585" status="PASS">
          <reporter-output>
          </reporter-output>
        </test-method> <!-- setup -->
        <test-method signature="login(java.lang.String,java.lang.String,java.lang.String,java.lang.String,java.lang.String)[pri:0, instance:com.qa.shopease.Test.test@477b4cdf]" started-at="2026-09-18T22:41:29 IST" name="login" data-provider="loginData" finished-at="2026-09-18T22:41:29 IST" duration-ms="425" status="PASS">
          <params>
            <param index="0">
              <value>
                <![CDATA[LOG-014]]>
              </value>
            </param>
            <param index="1">
              <value>
                <![CDATA[Very long password]]>
              </value>
            </param>
            <param index="2">
              <value>
                <![CDATA[user_5g34v@shopease.com]]>
              </value>
            </param>
            <param index="3">
              <value>
                <![CDATA[AAAAAAAAAAAAAAAAAAAAAAAAAAAAAAAAAAAAAAAAAAAAAAAAAAAAAAAAAAAAAAAAAAAAAAAAAAAAAAAAAAAAAAAAAAAAAAAAAAAA]]>
              </value>
            </param>
            <param index="4">
              <value>
                <![CDATA[EDGE]]>
              </value>
            </param>
          </params>
          <reporter-output>
          </reporter-output>
        </test-method> <!-- login -->
        <test-method is-config="true" signature="teardown()[pri:0, instance:com.qa.shopease.Test.test@477b4cdf]" started-at="2026-09-18T22:41:29 IST" name="teardown" finished-at="2026-09-18T22:41:30 IST" duration-ms="79" status="PASS">
          <reporter-output>
          </reporter-output>
        </test-method> <!-- teardown -->
      </class> <!-- com.qa.shopease.Test.test -->
    </test> <!-- Login Tests -->
  </suite> <!-- ShopEase Regression Suite -->
</testng-results>
