<?xml version="1.0" encoding="UTF-8"?>
<!-- Generated by org.testng.reporters.JUnitReportReporter -->
<testsuite hostname="Aswin-mac.local" failures="0" tests="14" name="com.qa.shopease.Test.test" time="85.328" errors="0" timestamp="2026-09-18T22:41:30 IST" skipped="0">
  <testcase classname="com.qa.shopease.Test.test" name="login" time="8.884"/>
  <testcase classname="com.qa.shopease.Test.test" name="login" time="5.071"/>
  <testcase classname="com.qa.shopease.Test.test" name="login" time="5.090"/>
  <testcase classname="com.qa.shopease.Test.test" name="login" time="8.153"/>
  <testcase classname="com.qa.shopease.Test.test" name="login" time="5.439"/>
  <testcase classname="com.qa.shopease.Test.test" name="login" time="5.850"/>
  <testcase classname="com.qa.shopease.Test.test" name="login" time="5.084"/>
  <testcase classname="com.qa.shopease.Test.test" name="login" time="5.767"/>
  <testcase classname="com.qa.shopease.Test.test" name="login" time="6.224"/>
  <testcase classname="com.qa.shopease.Test.test" name="login" time="6.110"/>
  <testcase classname="com.qa.shopease.Test.test" name="login" time="5.675"/>
  <testcase classname="com.qa.shopease.Test.test" name="login" time="5.068"/>
  <testcase classname="com.qa.shopease.Test.test" name="login" time="5.171"/>
  <testcase classname="com.qa.shopease.Test.test" name="login" time="7.742"/>
</testsuite> <!-- com.qa.shopease.Test.test -->
