<?xml version="1.0" encoding="UTF-8"?>
<!-- Generated by org.testng.reporters.JUnitXMLReporter -->
<testsuite ignored="0" hostname="Aswin-mac.local" failures="0" tests="14" name="Login Tests" time="88.836" errors="0" timestamp="2026-09-18T22:41:30 IST">
  <testcase classname="com.qa.shopease.Test.test" name="login" time="0.765"/>
  <testcase classname="com.qa.shopease.Test.test" name="login" time="0.463"/>
  <testcase classname="com.qa.shopease.Test.test" name="login" time="0.452"/>
  <testcase classname="com.qa.shopease.Test.test" name="login" time="0.455"/>
  <testcase classname="com.qa.shopease.Test.test" name="login" time="0.242"/>
  <testcase classname="com.qa.shopease.Test.test" name="login" time="0.505"/>
  <testcase classname="com.qa.shopease.Test.test" name="login" time="0.237"/>
  <testcase classname="com.qa.shopease.Test.test" name="login" time="0.472"/>
  <testcase classname="com.qa.shopease.Test.test" name="login" time="0.578"/>
  <testcase classname="com.qa.shopease.Test.test" name="login" time="0.758"/>
  <testcase classname="com.qa.shopease.Test.test" name="login" time="0.412"/>
  <testcase classname="com.qa.shopease.Test.test" name="login" time="0.438"/>
  <testcase classname="com.qa.shopease.Test.test" name="login" time="0.437"/>
  <testcase classname="com.qa.shopease.Test.test" name="login" time="0.425"/>
</testsuite> <!-- Login Tests -->
